<?xml version="1.0" encoding="UTF-8"?>
<testsuite xmlns:xsi="http://www.w3.org/2001/XMLSchema-instance" xsi:noNamespaceSchemaLocation="https://maven.apache.org/surefire/maven-surefire-plugin/xsd/surefire-test-report.xsd" name="TestSuite" time="40.505" tests="6" errors="0" skipped="0" failures="0">
  <properties>
[...]
</properties>
  <testcase name="Add_Note" classname="Test.TestClass" time="4.502"/>
  <testcase name="Add_Note_On_Date" classname="Test.TestClass" time="7.65"/>
  <testcase name="Add_activities" classname="Test.TestClass" time="7.779"/>
  <testcase name="Change_color" classname="Test.TestClass" time="3.966"/>
  <testcase name="Option_verify" classname="Test.TestClass" time="1.933"/>
  <testcase name="Rename_label" classname="Test.TestClass" time="4.116"/>
</testsuite>